!
! Last configuration change at 16:21:50 UTC Mon Oct 4 2021 by cisco
!
version 15.9
service timestamps debug datetime msec
service timestamps log datetime msec
no service password-encryption
!
hostname R3
!
boot-start-marker
boot-end-marker
!
!
enable secret 9 $9$koQ8V8mVHdPNBv$H.dMx/MFaFnLMienPAc9p1TyxTRV2IUVq8otz2ntTIo
!
aaa new-model
!
!
aaa group server radius RADIUSMETHOD
 server name RADIUSSERVER
 ip radius source-interface Loopback1
!
aaa group server tacacs+ TACACSMETHOD
 server name TACACSSERVER
 ip tacacs source-interface Loopback0
!
aaa authentication login VTY_ACCESS group RADIUSMETHOD local
aaa authentication login CONSOLE_ACCESS group TACACSMETHOD local
!
!
!
!
!
aaa session-id common
!
!
!
mmi polling-interval 60
no mmi auto-configure
no mmi pvc
mmi snmp-timeout 180
!
!
!
!
!
!
!
!
!
!
!
no ip domain lookup
ip domain name cisco.com
ip cef
ipv6 unicast-routing
ipv6 cef
!
multilink bundle-name authenticated
!
!
!
!
username cisco privilege 15 secret 9 $9$uo2o28PmjPmI7P$u4n9djgdOmS6yFbrWPg7jNQ/HL2HoBGImZl4AGVvdZQ
username user secret 9 $9$ycJ5XIcQKRcs7P$8d9IAwH16p9Sn2mVJFPnJIohe.Isb5C/jmTmFDsJokY
!
redundancy
!
!
ip telnet source-interface GigabitEthernet0/0
! 
!
!
!
!
!
!
!
!
!
!
!
!
interface Loopback0
 ip address 3.3.3.3 255.255.255.255
 ipv6 address 2001:DEAD:AF::3/128
 ipv6 eigrp 100
 ospfv3 1 ipv6 area 0
!
interface GigabitEthernet0/0
 ip address 10.1.34.3 255.255.255.0
 ip flow ingress
 duplex auto
 speed auto
 media-type rj45
 ipv6 address 2001:DEAD:DEAD::3/64
 ipv6 eigrp 100
 ospfv3 1 ipv6 area 0
 bfd interval 50 min_rx 50 multiplier 3
!
interface GigabitEthernet0/1
 ip address 10.1.13.3 255.255.255.0
 ip flow egress
 duplex auto
 speed auto
 media-type rj45
 ipv6 address 2001:DEAD:BEE::3/64
!
interface GigabitEthernet0/2
 no ip address
 shutdown
 duplex auto
 speed auto
 media-type rj45
!
interface GigabitEthernet0/3
 no ip address
 shutdown
 duplex auto
 speed auto
 media-type rj45
!
router ospfv3 1
 !
 address-family ipv6 unicast
 exit-address-family
!
router bgp 65000
 bgp log-neighbor-changes
 neighbor 2001:DEAD:DEAD::4 remote-as 65000
 !
 address-family ipv4
  no neighbor 2001:DEAD:DEAD::4 activate
 exit-address-family
 !
 address-family ipv6
  network 2001:DEAD:AF::3/128
  network 2001:DEAD:DEAD::/64
  neighbor 2001:DEAD:DEAD::4 activate
 exit-address-family
!
ip forward-protocol nd
!
ip flow-export source Loopback0
ip flow-export version 9
ip flow-export destination 100.100.100.100 9999
ip flow-top-talkers
 top 10
 sort-by bytes
!
no ip http server
no ip http secure-server
ip ssh source-interface GigabitEthernet0/0
ip ssh version 2
ip scp server enable
!
ip access-list extended NO_TELNET
 deny   tcp host 10.1.34.4 eq telnet any
 permit ip any any
!
ip sla responder
logging trap debugging
logging host 100.100.100.100
ipv6 router eigrp 100
 eigrp router-id 3.3.3.3
!
ipv6 ioam timestamp
!
snmp-server community CISCO RO 10
snmp-server trap-source Loopback0
snmp-server location Chicago, IL.
snmp-server contact contactjgooley@gmail.com
snmp-server chassis-id R3
snmp-server enable traps cpu threshold
snmp-server host 100.100.100.100 informs version 2c CISCO 
snmp-server host 100.100.100.100 version 2c CISCO 
!
tacacs server TACACSSERVER
 address ipv4 10.0.10.51
 key TACACSPASS
access-list 1 deny   10.1.34.4 log
access-list 1 permit any log
access-list 10 permit 100.100.100.100
access-list 100 deny   ip host 10.1.34.4 host 10.1.34.3 time-range WEEKDAYS
access-list 100 permit ip any any time-range WEEKDAYS
!
!
radius server RADIUSSERVER
 address ipv4 10.0.10.51 auth-port 1812 acct-port 1813
 key RADIUSPASS
!
!
control-plane
!
banner exec ^C
**************************************************************************
* IOSv is strictly limited to use for evaluation, demonstration and IOS  *
* education. IOSv is provided as-is and is not supported by Cisco's      *
* Technical Advisory Center. Any use or disclosure, in whole or in part, *
* of the IOSv Software or Documentation to any third party for any       *
* purposes is expressly prohibited except as otherwise authorized by     *
* Cisco in writing.                                                      *
**************************************************************************^C
banner incoming ^C
**************************************************************************
* IOSv is strictly limited to use for evaluation, demonstration and IOS  *
* education. IOSv is provided as-is and is not supported by Cisco's      *
* Technical Advisory Center. Any use or disclosure, in whole or in part, *
* of the IOSv Software or Documentation to any third party for any       *
* purposes is expressly prohibited except as otherwise authorized by     *
* Cisco in writing.                                                      *
**************************************************************************^C
banner login ^C
**************************************************************************
* IOSv is strictly limited to use for evaluation, demonstration and IOS  *
* education. IOSv is provided as-is and is not supported by Cisco's      *
* Technical Advisory Center. Any use or disclosure, in whole or in part, *
* of the IOSv Software or Documentation to any third party for any       *
* purposes is expressly prohibited except as otherwise authorized by     *
* Cisco in writing.                                                      *
**************************************************************************^C
!
line con 0
 exec-timeout 0 0
 logging synchronous
 login authentication CONSOLE_ACCESS
line aux 0
line vty 0 4
 password cisco
 login authentication VTY_ACCESS
 transport input all
!
no scheduler allocate
time-range WEEKDAYS
 periodic weekdays 0:00 to 23:59
!
time-range WEEKENDS
 absolute start 10:00 31 October 2022 end 10:00 31 October 2023
!
!
end

